app/build/intermediates/manifest_merge_blame_file/debug/processDebugMainManifest/manifest-merger-blame-debug-report.txt
1<?xml version="1.0" encoding="utf-8"?>
2<manifest xmlns:android="http://schemas.android.com/apk/res/android"
3    package="com.example.minhaparte"
4    android:versionCode="1"
5    android:versionName="1.0" >
6
7    <uses-sdk
8        android:minSdkVersion="24"
9        android:targetSdkVersion="36" />
10    <!-- 📌 Permissões -->
11    <uses-permission android:name="android.permission.INTERNET" />
11-->src\main\AndroidManifest.xml:5:5-67
11-->src\main\AndroidManifest.xml:5:22-64
12    <uses-permission android:name="android.permission.CAMERA" />
12-->src\main\AndroidManifest.xml:6:5-65
12-->src\main\AndroidManifest.xml:6:22-62
13    <uses-permission android:name="android.permission.READ_MEDIA_VIDEO" />
13-->src\main\AndroidManifest.xml:7:5-75
13-->src\main\AndroidManifest.xml:7:22-72
14    <uses-permission
14-->src\main\AndroidManifest.xml:8:5-10:38
15        android:name="android.permission.READ_EXTERNAL_STORAGE"
15-->src\main\AndroidManifest.xml:9:9-64
16        android:maxSdkVersion="32" /> <!-- 📌 Hardware opcional -->
16-->src\main\AndroidManifest.xml:10:9-35
17    <uses-feature
17-->src\main\AndroidManifest.xml:11:5-13:36
18        android:name="android.hardware.camera"
18-->src\main\AndroidManifest.xml:12:9-47
19        android:required="false" />
19-->src\main\AndroidManifest.xml:13:9-33
20
21    <uses-permission android:name="android.permission.ACCESS_NETWORK_STATE" />
21-->[androidx.media3:media3-exoplayer:1.4.1] AndroidManifest.xml:22:5-79
21-->[androidx.media3:media3-exoplayer:1.4.1] AndroidManifest.xml:22:22-76
22
23    <permission
23-->[androidx.core:core:1.13.0] AndroidManifest.xml:22:5-24:47
24        android:name="com.example.minhaparte.DYNAMIC_RECEIVER_NOT_EXPORTED_PERMISSION"
24-->[androidx.core:core:1.13.0] AndroidManifest.xml:23:9-81
25        android:protectionLevel="signature" />
25-->[androidx.core:core:1.13.0] AndroidManifest.xml:24:9-44
26
27    <uses-permission android:name="com.example.minhaparte.DYNAMIC_RECEIVER_NOT_EXPORTED_PERMISSION" />
27-->[androidx.core:core:1.13.0] AndroidManifest.xml:26:5-97
27-->[androidx.core:core:1.13.0] AndroidManifest.xml:26:22-94
28
29    <application
29-->src\main\AndroidManifest.xml:15:5-80:19
30        android:allowBackup="true"
30-->src\main\AndroidManifest.xml:16:9-35
31        android:appComponentFactory="androidx.core.app.CoreComponentFactory"
31-->[androidx.core:core:1.13.0] AndroidManifest.xml:28:18-86
32        android:debuggable="true"
33        android:extractNativeLibs="false"
34        android:icon="@mipmap/ic_launcher"
34-->src\main\AndroidManifest.xml:17:9-43
35        android:label="@string/app_name"
35-->src\main\AndroidManifest.xml:18:9-41
36        android:roundIcon="@mipmap/ic_launcher_round"
36-->src\main\AndroidManifest.xml:19:9-54
37        android:supportsRtl="true"
37-->src\main\AndroidManifest.xml:20:9-35
38        android:testOnly="true"
39        android:theme="@style/Theme.Minhaparte"
39-->src\main\AndroidManifest.xml:21:9-48
40        android:usesCleartextTraffic="true" >
40-->src\main\AndroidManifest.xml:22:9-44
41        <activity
41-->src\main\AndroidManifest.xml:24:9-26:40
42            android:name="com.example.minhaparte.Activity.ListaDesempenhoActivity"
42-->src\main\AndroidManifest.xml:25:13-61
43            android:exported="false" />
43-->src\main\AndroidManifest.xml:26:13-37
44        <!-- 🔥 ATIVIDADES DO APP -->
45        <!-- Tela principal AGORA É MainActivity -->
46        <activity
46-->src\main\AndroidManifest.xml:29:9-37:20
47            android:name="com.example.minhaparte.Activity.LoginActivity"
47-->src\main\AndroidManifest.xml:30:13-51
48            android:exported="true" >
48-->src\main\AndroidManifest.xml:31:13-36
49            <intent-filter>
49-->src\main\AndroidManifest.xml:32:13-36:29
50                <action android:name="android.intent.action.MAIN" />
50-->src\main\AndroidManifest.xml:33:17-69
50-->src\main\AndroidManifest.xml:33:25-66
51
52                <category android:name="android.intent.category.LAUNCHER" />
52-->src\main\AndroidManifest.xml:35:17-77
52-->src\main\AndroidManifest.xml:35:27-74
53            </intent-filter>
54        </activity> <!-- Login -->
55        <activity
55-->src\main\AndroidManifest.xml:38:9-40:39
56            android:name="com.example.minhaparte.Activity.MainActivity"
56-->src\main\AndroidManifest.xml:39:13-50
57            android:exported="true" /> <!-- Criar usuário -->
57-->src\main\AndroidManifest.xml:40:13-36
58        <activity
58-->src\main\AndroidManifest.xml:41:9-43:39
59            android:name="com.example.minhaparte.Activity.CriarUsuarioActivity"
59-->src\main\AndroidManifest.xml:42:13-58
60            android:exported="true" /> <!-- Feed -->
60-->src\main\AndroidManifest.xml:43:13-36
61        <activity
61-->src\main\AndroidManifest.xml:44:9-46:39
62            android:name="com.example.minhaparte.Activity.FeedActivity"
62-->src\main\AndroidManifest.xml:45:13-50
63            android:exported="true" /> <!-- Quiz -->
63-->src\main\AndroidManifest.xml:46:13-36
64        <activity
64-->src\main\AndroidManifest.xml:47:9-49:39
65            android:name="com.example.minhaparte.Activity.QuizActivity"
65-->src\main\AndroidManifest.xml:48:13-50
66            android:exported="true" /> <!-- Pergunta aberta -->
66-->src\main\AndroidManifest.xml:49:13-36
67        <activity
67-->src\main\AndroidManifest.xml:50:9-52:39
68            android:name="com.example.minhaparte.Activity.RespostaAbertaActivity"
68-->src\main\AndroidManifest.xml:51:13-60
69            android:exported="true" /> <!-- Editor -->
69-->src\main\AndroidManifest.xml:52:13-36
70        <activity
70-->src\main\AndroidManifest.xml:53:9-55:39
71            android:name="com.example.minhaparte.Activity.EditorActivity"
71-->src\main\AndroidManifest.xml:54:13-52
72            android:exported="true" /> <!-- Upload -->
72-->src\main\AndroidManifest.xml:55:13-36
73        <activity
73-->src\main\AndroidManifest.xml:56:9-58:39
74            android:name="com.example.minhaparte.Activity.UploadActivity"
74-->src\main\AndroidManifest.xml:57:13-52
75            android:exported="true" /> <!-- Enquetes -->
75-->src\main\AndroidManifest.xml:58:13-36
76        <activity
76-->src\main\AndroidManifest.xml:59:9-61:40
77            android:name="com.example.minhaparte.Activity.EnquetesActivity"
77-->src\main\AndroidManifest.xml:60:13-54
78            android:exported="false" /> <!-- Player -->
78-->src\main\AndroidManifest.xml:61:13-37
79        <activity
79-->src\main\AndroidManifest.xml:62:9-64:40
80            android:name="com.example.minhaparte.Activity.PlayerActivity"
80-->src\main\AndroidManifest.xml:63:13-52
81            android:exported="false" /> <!-- Lista de vídeos -->
81-->src\main\AndroidManifest.xml:64:13-37
82        <activity
82-->src\main\AndroidManifest.xml:65:9-67:39
83            android:name="com.example.minhaparte.Activity.VideoListActivity"
83-->src\main\AndroidManifest.xml:66:13-55
84            android:exported="true" /> <!-- Lista de usuários -->
84-->src\main\AndroidManifest.xml:67:13-36
85        <activity
85-->src\main\AndroidManifest.xml:68:9-70:39
86            android:name="com.example.minhaparte.Activity.ListarUsuariosActivity"
86-->src\main\AndroidManifest.xml:69:13-60
87            android:exported="true" /> <!-- Perfil -->
87-->src\main\AndroidManifest.xml:70:13-36
88        <activity
88-->src\main\AndroidManifest.xml:71:9-73:40
89            android:name="com.example.minhaparte.Activity.PerfilUsuarioActivity"
89-->src\main\AndroidManifest.xml:72:13-59
90            android:exported="false" /> <!-- Trocar senha -->
90-->src\main\AndroidManifest.xml:73:13-37
91        <activity
91-->src\main\AndroidManifest.xml:74:9-76:39
92            android:name="com.example.minhaparte.Activity.TrocarSenhaActivity"
92-->src\main\AndroidManifest.xml:75:13-57
93            android:exported="true" />
93-->src\main\AndroidManifest.xml:76:13-36
94        <activity
94-->src\main\AndroidManifest.xml:77:9-79:39
95            android:name="com.example.minhaparte.Activity.InfosDeUsuario"
95-->src\main\AndroidManifest.xml:78:13-52
96            android:exported="true" />
96-->src\main\AndroidManifest.xml:79:13-36
97
98        <provider
98-->[androidx.emoji2:emoji2:1.3.0] AndroidManifest.xml:24:9-32:20
99            android:name="androidx.startup.InitializationProvider"
99-->[androidx.emoji2:emoji2:1.3.0] AndroidManifest.xml:25:13-67
100            android:authorities="com.example.minhaparte.androidx-startup"
100-->[androidx.emoji2:emoji2:1.3.0] AndroidManifest.xml:26:13-68
101            android:exported="false" >
101-->[androidx.emoji2:emoji2:1.3.0] AndroidManifest.xml:27:13-37
102            <meta-data
102-->[androidx.emoji2:emoji2:1.3.0] AndroidManifest.xml:29:13-31:52
103                android:name="androidx.emoji2.text.EmojiCompatInitializer"
103-->[androidx.emoji2:emoji2:1.3.0] AndroidManifest.xml:30:17-75
104                android:value="androidx.startup" />
104-->[androidx.emoji2:emoji2:1.3.0] AndroidManifest.xml:31:17-49
105            <meta-data
105-->[androidx.lifecycle:lifecycle-process:2.6.2] AndroidManifest.xml:29:13-31:52
106                android:name="androidx.lifecycle.ProcessLifecycleInitializer"
106-->[androidx.lifecycle:lifecycle-process:2.6.2] AndroidManifest.xml:30:17-78
107                android:value="androidx.startup" />
107-->[androidx.lifecycle:lifecycle-process:2.6.2] AndroidManifest.xml:31:17-49
108            <meta-data
108-->[androidx.profileinstaller:profileinstaller:1.4.0] AndroidManifest.xml:29:13-31:52
109                android:name="androidx.profileinstaller.ProfileInstallerInitializer"
109-->[androidx.profileinstaller:profileinstaller:1.4.0] AndroidManifest.xml:30:17-85
110                android:value="androidx.startup" />
110-->[androidx.profileinstaller:profileinstaller:1.4.0] AndroidManifest.xml:31:17-49
111        </provider>
112
113        <receiver
113-->[androidx.profileinstaller:profileinstaller:1.4.0] AndroidManifest.xml:34:9-52:20
114            android:name="androidx.profileinstaller.ProfileInstallReceiver"
114-->[androidx.profileinstaller:profileinstaller:1.4.0] AndroidManifest.xml:35:13-76
115            android:directBootAware="false"
115-->[androidx.profileinstaller:profileinstaller:1.4.0] AndroidManifest.xml:36:13-44
116            android:enabled="true"
116-->[androidx.profileinstaller:profileinstaller:1.4.0] AndroidManifest.xml:37:13-35
117            android:exported="true"
117-->[androidx.profileinstaller:profileinstaller:1.4.0] AndroidManifest.xml:38:13-36
118            android:permission="android.permission.DUMP" >
118-->[androidx.profileinstaller:profileinstaller:1.4.0] AndroidManifest.xml:39:13-57
119            <intent-filter>
119-->[androidx.profileinstaller:profileinstaller:1.4.0] AndroidManifest.xml:40:13-42:29
120                <action android:name="androidx.profileinstaller.action.INSTALL_PROFILE" />
120-->[androidx.profileinstaller:profileinstaller:1.4.0] AndroidManifest.xml:41:17-91
120-->[androidx.profileinstaller:profileinstaller:1.4.0] AndroidManifest.xml:41:25-88
121            </intent-filter>
122            <intent-filter>
122-->[androidx.profileinstaller:profileinstaller:1.4.0] AndroidManifest.xml:43:13-45:29
123                <action android:name="androidx.profileinstaller.action.SKIP_FILE" />
123-->[androidx.profileinstaller:profileinstaller:1.4.0] AndroidManifest.xml:44:17-85
123-->[androidx.profileinstaller:profileinstaller:1.4.0] AndroidManifest.xml:44:25-82
124            </intent-filter>
125            <intent-filter>
125-->[androidx.profileinstaller:profileinstaller:1.4.0] AndroidManifest.xml:46:13-48:29
126                <action android:name="androidx.profileinstaller.action.SAVE_PROFILE" />
126-->[androidx.profileinstaller:profileinstaller:1.4.0] AndroidManifest.xml:47:17-88
126-->[androidx.profileinstaller:profileinstaller:1.4.0] AndroidManifest.xml:47:25-85
127            </intent-filter>
128            <intent-filter>
128-->[androidx.profileinstaller:profileinstaller:1.4.0] AndroidManifest.xml:49:13-51:29
129                <action android:name="androidx.profileinstaller.action.BENCHMARK_OPERATION" />
129-->[androidx.profileinstaller:profileinstaller:1.4.0] AndroidManifest.xml:50:17-95
129-->[androidx.profileinstaller:profileinstaller:1.4.0] AndroidManifest.xml:50:25-92
130            </intent-filter>
131        </receiver>
132    </application>
133
134</manifest>